<?xml version="1.0" encoding="UTF-8"?>
<testsuite name="ckpt1.YourOwnCircularArrayFIFOQueueTests" tests="5" skipped="0" failures="0" errors="0" timestamp="2023-01-11T05:24:07" hostname="Sebs-MacBook-Pro-3.local" time="0.04">
  <properties/>
  <testcase name="test_sillyMethod_badCourseNumber_throwsException()" classname="ckpt1.YourOwnCircularArrayFIFOQueueTests" time="0.028"/>
  <testcase name="test_add_isFull_throwsException()" classname="ckpt1.YourOwnCircularArrayFIFOQueueTests" time="0.003"/>
  <testcase name="test_size_afterInsertion_incrementsByOne()" classname="ckpt1.YourOwnCircularArrayFIFOQueueTests" time="0.001"/>
  <testcase name="test_sillyMethod_validInputs_returnsCorrectString()" classname="ckpt1.YourOwnCircularArrayFIFOQueueTests" time="0.003"/>
  <testcase name="test_addNext_cyclesEntireQueue_returnsCorrect()" classname="ckpt1.YourOwnCircularArrayFIFOQueueTests" time="0.001"/>
  <system-out><![CDATA[]]></system-out>
  <system-err><![CDATA[]]></system-err>
</testsuite>
